PHCProject1.0/proguard/seeds.txt
com.vsi.phc.PHCActivity
com.vsi.phc.PHCActivity: PHCActivity()
...
com.baidu.mapapi.e
com.baidu.mapapi.e: com.baidu.mapapi.MapView a
com.baidu.mapapi.e: e(com.baidu.mapapi.MapView)
com.baidu.mapapi.e: com.baidu.mapapi.GeoPoint fromPixels(int,int)
com.baidu.mapapi.e: float metersToEquatorPixels(float)
com.baidu.mapapi.e: android.graphics.Point toPixels(com.baidu.mapapi.GeoPoint,android.graphics.Point)
com.baidu.mapapi.e: android.graphics.Point a(com.baidu.mapapi.GeoPoint,android.graphics.Point)
com.baidu.mapapi.f
com.baidu.mapapi.f: android.location.LocationManager b
com.baidu.mapapi.f: android.location.LocationListener c
com.baidu.mapapi.f: android.location.Location a
com.baidu.mapapi.f: android.content.Context d
com.baidu.mapapi.f: com.baidu.mapapi.f$a e
com.baidu.mapapi.f: int f
com.baidu.mapapi.f: android.location.GpsStatus g
com.baidu.mapapi.f: f(android.content.Context)
com.baidu.mapapi.f: void a(int,int,long)
com.baidu.mapapi.f: void a()
com.baidu.mapapi.f: void b()
com.baidu.mapapi.f: java.lang.String a(int,int,int,int,java.util.List,java.lang.String)
com.baidu.mapapi.f: void a(java.util.List)
com.baidu.mapapi.f: java.lang.String a(java.util.List,java.lang.String)
com.baidu.mapapi.f: java.lang.String b(java.util.List,java.lang.String)
com.baidu.mapapi.f: boolean a(java.util.List,java.util.List)
com.baidu.mapapi.f: android.location.LocationManager a(com.baidu.mapapi.f)
com.baidu.mapapi.f: android.location.LocationManager a(com.baidu.mapapi.f,android.location.LocationManager)
com.baidu.mapapi.f: android.content.Context b(com.baidu.mapapi.f)
com.baidu.mapapi.f: android.location.GpsStatus c(com.baidu.mapapi.f)
com.baidu.mapapi.f: android.location.GpsStatus a(com.baidu.mapapi.f,android.location.GpsStatus)
com.baidu.mapapi.f: int d(com.baidu.mapapi.f)
com.baidu.mapapi.f: int a(com.baidu.mapapi.f,int)
com.baidu.mapapi.f$1
com.baidu.mapapi.f$1: com.baidu.mapapi.f a
com.baidu.mapapi.f$1: f$1(com.baidu.mapapi.f)
com.baidu.mapapi.f$1: void onLocationChanged(android.location.Location)
com.baidu.mapapi.f$1: void onProviderDisabled(java.lang.String)
com.baidu.mapapi.f$1: void onProviderEnabled(java.lang.String)
com.baidu.mapapi.f$1: void onStatusChanged(java.lang.String,int,android.os.Bundle)
com.baidu.mapapi.f$a
com.baidu.mapapi.f$a: com.baidu.mapapi.f a
com.baidu.mapapi.f$a: f$a(com.baidu.mapapi.f)
com.baidu.mapapi.f$a: void onGpsStatusChanged(int)
com.baidu.mapapi.f$a: f$a(com.baidu.mapapi.f,com.baidu.mapapi.f$1)
com.baidu.mapapi.g
com.baidu.mapapi.g: com.baidu.mapapi.MKGeneralListener a
com.baidu.mapapi.g: g(com.baidu.mapapi.MKGeneralListener)
com.baidu.mapapi.g: void a(com.baidu.mapapi.MKEvent)
com.baidu.mapapi.h
com.baidu.mapapi.h: java.lang.String a
com.baidu.mapapi.h: java.lang.String b
com.baidu.mapapi.h: java.lang.String c
com.baidu.mapapi.h: java.lang.String d
com.baidu.mapapi.h: h()
com.baidu.mapapi.h: void <clinit>()
com.baidu.mapapi.i
com.baidu.mapapi.i: com.baidu.mapapi.MKMapViewListener a
com.baidu.mapapi.i: i(com.baidu.mapapi.MKMapViewListener)
com.baidu.mapapi.i: void a(com.baidu.mapapi.MKEvent)
com.baidu.mapapi.j
com.baidu.mapapi.j: void a(com.baidu.mapapi.MKEvent)
com.baidu.mapapi.k
com.baidu.mapapi.k: com.baidu.mapapi.MKOfflineMapListener a
com.baidu.mapapi.k: k(com.baidu.mapapi.MKOfflineMapListener)
com.baidu.mapapi.k: void a(com.baidu.mapapi.MKEvent)
com.baidu.mapapi.l
com.baidu.mapapi.l: java.lang.String a
com.baidu.mapapi.l: java.lang.String b
com.baidu.mapapi.l: java.lang.String c
com.baidu.mapapi.l: java.lang.String d
com.baidu.mapapi.l: java.lang.String e
com.baidu.mapapi.l: java.lang.String f
com.baidu.mapapi.l: java.lang.String g
com.baidu.mapapi.l: java.lang.String h
com.baidu.mapapi.l: java.lang.String i
com.baidu.mapapi.l: java.lang.String j
com.baidu.mapapi.l: java.lang.String k
com.baidu.mapapi.l: java.lang.String l
com.baidu.mapapi.l: java.lang.String m
com.baidu.mapapi.l: java.lang.String n
com.baidu.mapapi.l: java.util.List o
com.baidu.mapapi.l: l()