PHCProject1.0/proguard/mapping.txt
com.vsi.phc.PHCActivity -> com.vsi.phc.PHCActivity:
    void onCreate(android.os.Bundle) -> onCreate
com.vsi.phc.PHCActivity$1 -> com.vsi.phc.a:
    com.vsi.phc.PHCActivity this$0 -> a
    void onAnimationStart(android.view.animation.Animation) -> onAnimationStart
    void onAnimationRepeat(android.view.animation.Animation) -> onAnimationRepeat
    void onAnimationEnd(android.view.animation.Animation) -> onAnimationEnd
...
com.vsi.page.PCHMouseTablePage$BtnSubmitListener -> com.vsi.page.aj:
    com.vsi.page.PCHMouseTablePage this$0 -> a
    void onClick(android.view.View) -> onClick
com.vsi.page.PCHMouseTablePage$D2EReportListener -> com.vsi.page.ak:
    com.vsi.page.PCHMouseTablePage this$0 -> a
    void onClick(android.view.View) -> onClick
com.vsi.page.PCHMouseTablePage$NewReportListener -> com.vsi.page.al:
    com.vsi.page.PCHMouseTablePage this$0 -> a
    void onClick(android.view.View) -> onClick
com.vsi.page.PCHMouseTablePage$OtherReoprtListener -> com.vsi.page.am:
    com.vsi.page.PCHMouseTablePage this$0 -> a
    void onClick(android.view.View) -> onClick
com.vsi.page.PHCChaoShengBo -> com.vsi.page.PHCChaoShengBo:
    int mMouseComeNum -> h
    android.widget.EditText edit_d2e_remark -> b
    com.vsi.data.MouseReportItem reportItem -> c
    java.lang.String mSaveResponse -> i
    java.lang.String EXTRA_DEVICE_ADDRESS -> d
    java.lang.String EXTRA_READER_ID -> e
    android.widget.EditText edit_street -> j
    android.widget.AutoCompleteTextView et_place_type -> k
    android.widget.EditText edit_mouse_palce_name -> l
    android.widget.TextView tv_cao_sum -> m
    android.widget.ImageView iv_cao_battery -> n
    android.widget.ImageView iv_cao_cover -> o
    android.widget.Button btn_cao_init -> p
    android.widget.Button btn_cao_scann -> q
    java.lang.String strStreet -> r
    java.lang.String strPlaceType -> s
    java.lang.String strPlaceName -> t
    java.lang.String strMouseSum -> u
    java.lang.String mOrgID -> v
    java.lang.String mAreaID -> w
    java.lang.String mType -> x
    java.lang.String mPerson -> y
    java.lang.String mPlaceType -> f
    boolean isFirstElectric -> z
    android.widget.ArrayAdapter adapterPlaceType -> g
    android.widget.ImageButton ibtn_dropDown_place -> A
    boolean mIsLessElec -> B
    boolean isSave -> C
    void onCreate(android.os.Bundle) -> onCreate
    boolean onKeyDown(int,android.view.KeyEvent) -> onKeyDown
    void onActivityResult(int,int,android.content.Intent) -> onActivityResult
    boolean isExit() -> d
com.vsi.page.PHCChaoShengBo$1 -> com.vsi.page.an:
    com.vsi.page.PHCChaoShengBo this$0 -> a
    void onClick(android.view.View) -> onClick
com.vsi.page.PHCChaoShengBo$DropDownListener -> com.vsi.page.ao:
    com.vsi.page.PHCChaoShengBo this$0 -> a
    void onClick(android.view.View) -> onClick
com.vsi.page.PHCChaoShengBo$myInitListener -> com.vsi.page.ap:
    com.vsi.page.PHCChaoShengBo this$0 -> a
    void onClick(android.view.View) -> onClick
com.vsi.page.PHCChaoShengBo$myScannerListener -> com.vsi.page.aq:
    com.vsi.page.PHCChaoShengBo this$0 -> a
    void onClick(android.view.View) -> onClick