PHCProject1.0/proguard/usage.txt
com.vsi.phc.BuildConfig
com.vsi.phc.R
com.vsi.phc.R$anim
com.vsi.phc.R$array
com.vsi.phc.R$attr
com.vsi.phc.R$color
com.vsi.phc.R$drawable
com.vsi.phc.R$id
com.vsi.phc.R$layout
com.vsi.phc.R$string
com.vsi.phc.R$style
...
com.mobilercn.widget.D2EListAdapter:
    30:32:public void addObject(java.lang.String,java.lang.String)
    43:45:public void addObject(com.mobilercn.widget.D2EListAdapterItam)
    48:52:public void insertObject(java.lang.String,java.lang.String,java.lang.String)
com.mobilercn.widget.D2EListAdapterItam:
    private java.lang.String mTagNum
    56:57:public void setTagNum(java.lang.String)
    60:60:public java.lang.String getTagNum()
com.mobilercn.widget.JJLinkLayer:
    public static final int DIRECTION_NONE
    public static final int DIRECTION_DOWN
    public static final int DIRECTION_LEFT
    public static final int DIRECTION_RIGHT
    public static final int DIRECTION_UP
com.mobilercn.widget.JJMenuLayer:
    private static final int SLIDE_NONE
    private static final int SLIDE_BEGIN
    private static final int SLIDE_MOVING
    private static final int SLIDE_FINISED
    private static final int TOPDIS
    public static final int TOP
    public static final int LEFT
    public static final int RIGHT
    private static final int CENTER
    public static final int DOWN
    private static final int NONE
com.mobilercn.widget.JJMenuLayer$MotionTask:
    public static final int MOTION_DOWN
    public static final int MOTION_RIGHT
    public static final int MOTION_UP
    public static final int DRATION
com.mobilercn.widget.OnMenuSelection:
    public static final int MENU_TOP
    public static final int MENU_LEFT
    public static final int MENU_RIGHT
    public static final int MENU_BOTTOM
    public static final int MENU_NONE
com.mobilercn.widget.YTProcessDialog:
    18:21:public YTProcessDialog(android.content.Context)
    32:36:protected YTProcessDialog(android.content.Context,boolean,android.content.DialogInterface$OnCancelListener)
com.mobilercn.widget.YTReportAdapter
com.mobilercn.widget.YTReportModel:
    private static final int HORIZONTAL
    private static final int VERTICAL
    114:117:public float getMaxWidthOfRows(int)
    241:241:public boolean hasHeader()
com.mobilercn.widget.YTReportView:
    private static final float DEFAULT_STEP
    private static final float DEFAULT_SCROLL
com.vsi.config.D2EConfigures
com.vsi.config.PHCConfig:
    public static final int TYPE_MOUSE
    public static final int TYPE_NORMAL
    public static final int TYPE_MOSQUITO
    public static final int TYPE_KOCKROACH
    public static final int TYPE_FLY
    public static final int TASK_LOGIN
    public static final int TASK_INSERT_STREE
    public static final int TASK_GET_AREA
    public static final int TASK_SUBMIT_REPORT
    public static final int TASK_FIRST_ELECTRIC
    public static final int TASK_GET_ELECTRIC
    15:15:public PHCConfig()
com.vsi.constant.PHCConstant
com.vsi.data.AreaItem:
    53:53:public java.lang.String getStrOrgID()
    62:63:public void setStrAreaName(java.lang.String)
    83:83:public java.lang.String getmAreaDeleteTime()
    89:89:public java.lang.String getmAreaCreateTime()
com.vsi.data.CaoItem:
    public static final int TYPE_MOUSE
    public static final int TYPE_COVER
    21:21:public int getType()
com.vsi.data.MonitorItem